# JRE version: Java(TM) SE Runtime Environment (8.0_101-b13) (build 1.8.0_101-b13)
# Java VM: Java HotSpot(TM) 64-Bit Server VM (25.101-b13 mixed mode windows-amd64 compressed oops)
Heap:
 PSYoungGen      total 492544K, used 191726K [0x000000076b180000, 0x0000000794580000, 0x00000007c0000000)
  eden space 417792K, 39% used [0x000000076b180000,0x00000007754995f0,0x0000000784980000)
  from space 74752K, 33% used [0x0000000784980000,0x00000007861a2318,0x0000000789280000)
  to   space 71680K, 0% used [0x000000078ff80000,0x000000078ff80000,0x0000000794580000)
 ParOldGen       total 285696K, used 69864K [0x00000006c1400000, 0x00000006d2b00000, 0x000000076b180000)
  object space 285696K, 24% used [0x00000006c1400000,0x00000006c583a2d8,0x00000006d2b00000)
 Metaspace       used 79102K, capacity 81398K, committed 81536K, reserved 1120256K
  class space    used 9542K, capacity 10016K, committed 10112K, reserved 1048576K
GC Heap History (10 events):
Event: 15.577 GC heap before
{Heap before GC invocations=12 (full 2):
 PSYoungGen      total 278016K, used 218624K [0x000000076b180000, 0x0000000787700000, 0x00000007c0000000)
  eden space 218624K, 100% used [0x000000076b180000,0x0000000778700000,0x0000000778700000)
  from space 59392K, 0% used [0x0000000778700000,0x0000000778700000,0x000000077c100000)
  to   space 77824K, 0% used [0x0000000782b00000,0x0000000782b00000,0x0000000787700000)
 ParOldGen       total 280064K, used 102253K [0x00000006c1400000, 0x00000006d2580000, 0x000000076b180000)
  object space 280064K, 36% used [0x00000006c1400000,0x00000006c77db630,0x00000006d2580000)
 Metaspace       used 29685K, capacity 30288K, committed 30464K, reserved 1077248K
  class space    used 3366K, capacity 3557K, committed 3584K, reserved 1048576K
Event: 15.664 GC heap after
Heap after GC invocations=12 (full 2):
 PSYoungGen      total 385024K, used 48626K [0x000000076b180000, 0x0000000787c00000, 0x00000007c0000000)
  eden space 307200K, 0% used [0x000000076b180000,0x000000076b180000,0x000000077dd80000)
  from space 77824K, 62% used [0x0000000782b00000,0x0000000785a7cbf0,0x0000000787700000)
  to   space 79360K, 0% used [0x000000077dd80000,0x000000077dd80000,0x0000000782b00000)
 ParOldGen       total 280064K, used 102253K [0x00000006c1400000, 0x00000006d2580000, 0x000000076b180000)
  object space 280064K, 36% used [0x00000006c1400000,0x00000006c77db630,0x00000006d2580000)
 Metaspace       used 29685K, capacity 30288K, committed 30464K, reserved 1077248K
  class space    used 3366K, capacity 3557K, committed 3584K, reserved 1048576K
}
Event: 21.578 GC heap before
{Heap before GC invocations=13 (full 2):
 PSYoungGen      total 385024K, used 355826K [0x000000076b180000, 0x0000000787c00000, 0x00000007c0000000)
  eden space 307200K, 100% used [0x000000076b180000,0x000000077dd80000,0x000000077dd80000)
  from space 77824K, 62% used [0x0000000782b00000,0x0000000785a7cbf0,0x0000000787700000)
  to   space 79360K, 0% used [0x000000077dd80000,0x000000077dd80000,0x0000000782b00000)
 ParOldGen       total 280064K, used 102262K [0x00000006c1400000, 0x00000006d2580000, 0x000000076b180000)
  object space 280064K, 36% used [0x00000006c1400000,0x00000006c77dd898,0x00000006d2580000)
 Metaspace       used 45737K, capacity 46792K, committed 47104K, reserved 1091584K
  class space    used 5500K, capacity 5808K, committed 5888K, reserved 1048576K
Event: 21.615 GC heap after
Heap after GC invocations=13 (full 2):
 PSYoungGen      total 386560K, used 33097K [0x000000076b180000, 0x000000078e400000, 0x00000007c0000000)
  eden space 307200K, 0% used [0x000000076b180000,0x000000076b180000,0x000000077dd80000)
  from space 79360K, 41% used [0x000000077dd80000,0x000000077fdd2778,0x0000000782b00000)
  to   space 75264K, 0% used [0x0000000789a80000,0x0000000789a80000,0x000000078e400000)
 ParOldGen       total 280064K, used 102278K [0x00000006c1400000, 0x00000006d2580000, 0x000000076b180000)
  object space 280064K, 36% used [0x00000006c1400000,0x00000006c77e1898,0x00000006d2580000)
 Metaspace       used 45737K, capacity 46792K, committed 47104K, reserved 1091584K
  class space    used 5500K, capacity 5808K, committed 5888K, reserved 1048576K
}
Event: 22.680 GC heap before
{Heap before GC invocations=14 (full 2):
 PSYoungGen      total 386560K, used 115087K [0x000000076b180000, 0x000000078e400000, 0x00000007c0000000)
  eden space 307200K, 26% used [0x000000076b180000,0x00000007701917f8,0x000000077dd80000)
  from space 79360K, 41% used [0x000000077dd80000,0x000000077fdd2778,0x0000000782b00000)
  to   space 75264K, 0% used [0x0000000789a80000,0x0000000789a80000,0x000000078e400000)
 ParOldGen       total 280064K, used 102278K [0x00000006c1400000, 0x00000006d2580000, 0x000000076b180000)
  object space 280064K, 36% used [0x00000006c1400000,0x00000006c77e1898,0x00000006d2580000)
 Metaspace       used 49619K, capacity 50642K, committed 50776K, reserved 1093632K
  class space    used 6068K, capacity 6359K, committed 6400K, reserved 1048576K
Event: 22.700 GC heap after
Heap after GC invocations=14 (full 2):
 PSYoungGen      total 484352K, used 10974K [0x000000076b180000, 0x000000078db80000, 0x00000007c0000000)
  eden space 417792K, 0% used [0x000000076b180000,0x000000076b180000,0x0000000784980000)
  from space 66560K, 16% used [0x0000000789a80000,0x000000078a537938,0x000000078db80000)
  to   space 74752K, 0% used [0x0000000784980000,0x0000000784980000,0x0000000789280000)
 ParOldGen       total 280064K, used 108270K [0x00000006c1400000, 0x00000006d2580000, 0x000000076b180000)
  object space 280064K, 38% used [0x00000006c1400000,0x00000006c7dbb8a8,0x00000006d2580000)
 Metaspace       used 49619K, capacity 50642K, committed 50776K, reserved 1093632K
  class space    used 6068K, capacity 6359K, committed 6400K, reserved 1048576K
}
Event: 22.700 GC heap before
{Heap before GC invocations=15 (full 3):
 PSYoungGen      total 484352K, used 10974K [0x000000076b180000, 0x000000078db80000, 0x00000007c0000000)
  eden space 417792K, 0% used [0x000000076b180000,0x000000076b180000,0x0000000784980000)
  from space 66560K, 16% used [0x0000000789a80000,0x000000078a537938,0x000000078db80000)
  to   space 74752K, 0% used [0x0000000784980000,0x0000000784980000,0x0000000789280000)
 ParOldGen       total 280064K, used 108270K [0x00000006c1400000, 0x00000006d2580000, 0x000000076b180000)
  object space 280064K, 38% used [0x00000006c1400000,0x00000006c7dbb8a8,0x00000006d2580000)
 Metaspace       used 49619K, capacity 50642K, committed 50776K, reserved 1093632K
  class space    used 6068K, capacity 6359K, committed 6400K, reserved 1048576K
Event: 23.225 GC heap after
Heap after GC invocations=15 (full 3):
 PSYoungGen      total 484352K, used 0K [0x000000076b180000, 0x000000078db80000, 0x00000007c0000000)
  eden space 417792K, 0% used [0x000000076b180000,0x000000076b180000,0x0000000784980000)
  from space 66560K, 0% used [0x0000000789a80000,0x0000000789a80000,0x000000078db80000)
  to   space 74752K, 0% used [0x0000000784980000,0x0000000784980000,0x0000000789280000)
 ParOldGen       total 285696K, used 69856K [0x00000006c1400000, 0x00000006d2b00000, 0x000000076b180000)
  object space 285696K, 24% used [0x00000006c1400000,0x00000006c58382d8,0x00000006d2b00000)
 Metaspace       used 49619K, capacity 50642K, committed 50776K, reserved 1093632K
  class space    used 6068K, capacity 6359K, committed 6400K, reserved 1048576K
}
Event: 36.424 GC heap before
{Heap before GC invocations=16 (full 3):
 PSYoungGen      total 484352K, used 417792K [0x000000076b180000, 0x000000078db80000, 0x00000007c0000000)
  eden space 417792K, 100% used [0x000000076b180000,0x0000000784980000,0x0000000784980000)
  from space 66560K, 0% used [0x0000000789a80000,0x0000000789a80000,0x000000078db80000)
  to   space 74752K, 0% used [0x0000000784980000,0x0000000784980000,0x0000000789280000)
 ParOldGen       total 285696K, used 69856K [0x00000006c1400000, 0x00000006d2b00000, 0x000000076b180000)
  object space 285696K, 24% used [0x00000006c1400000,0x00000006c58382d8,0x00000006d2b00000)
 Metaspace       used 70388K, capacity 72260K, committed 72448K, reserved 1112064K
  class space    used 8751K, capacity 9186K, committed 9216K, reserved 1048576K
Event: 36.454 GC heap after
Heap after GC invocations=16 (full 3):
 PSYoungGen      total 492544K, used 24712K [0x000000076b180000, 0x0000000794580000, 0x00000007c0000000)
  eden space 417792K, 0% used [0x000000076b180000,0x000000076b180000,0x0000000784980000)
  from space 74752K, 33% used [0x0000000784980000,0x00000007861a2318,0x0000000789280000)
  to   space 71680K, 0% used [0x000000078ff80000,0x000000078ff80000,0x0000000794580000)
 ParOldGen       total 285696K, used 69864K [0x00000006c1400000, 0x00000006d2b00000, 0x000000076b180000)
  object space 285696K, 24% used [0x00000006c1400000,0x00000006c583a2d8,0x00000006d2b00000)
 Metaspace       used 70388K, capacity 72260K, committed 72448K, reserved 1112064K
  class space    used 8751K, capacity 9186K, committed 9216K, reserved 1048576K
}

